{"C:\\Users\\nathan victor\\Documents\\EiXomano_Final_V10\\backend\\server.js": {"path":"C:\\Users\\nathan victor\\Documents\\EiXomano_Final_V10\\backend\\server.js","statementMap":{"0":{"start":{"line":1,"column":16},"end":{"line":1,"column":34}},"1":{"start":{"line":2,"column":13},"end":{"line":2,"column":28}},"2":{"start":{"line":3,"column":18},"end":{"line":3,"column":47}},"3":{"start":{"line":4,"column":21},"end":{"line":4,"column":45}},"4":{"start":{"line":5,"column":13},"end":{"line":5,"column":28}},"5":{"start":{"line":6,"column":19},"end":{"line":6,"column":43}},"6":{"start":{"line":8,"column":12},"end":{"line":8,"column":21}},"7":{"start":{"line":9,"column":13},"end":{"line":9,"column":37}},"8":{"start":{"line":11,"column":0},"end":{"line":11,"column":16}},"9":{"start":{"line":12,"column":0},"end":{"line":12,"column":24}},"10":{"start":{"line":14,"column":23},"end":{"line":32,"column":1}},"11":{"start":{"line":34,"column":20},"end":{"line":34,"column":48}},"12":{"start":{"line":35,"column":0},"end":{"line":35,"column":68}},"13":{"start":{"line":38,"column":27},"end":{"line":38,"column":59}},"14":{"start":{"line":39,"column":23},"end":{"line":39,"column":51}},"15":{"start":{"line":40,"column":22},"end":{"line":40,"column":49}},"16":{"start":{"line":41,"column":24},"end":{"line":41,"column":53}},"17":{"start":{"line":42,"column":19},"end":{"line":42,"column":43}},"18":{"start":{"line":44,"column":0},"end":{"line":44,"column":29}},"19":{"start":{"line":45,"column":0},"end":{"line":45,"column":45}},"20":{"start":{"line":46,"column":0},"end":{"line":46,"column":37}},"21":{"start":{"line":47,"column":0},"end":{"line":47,"column":35}},"22":{"start":{"line":48,"column":0},"end":{"line":48,"column":39}},"23":{"start":{"line":49,"column":0},"end":{"line":49,"column":29}},"24":{"start":{"line":51,"column":0},"end":{"line":53,"column":3}},"25":{"start":{"line":52,"column":2},"end":{"line":52,"column":41}},"26":{"start":{"line":55,"column":0},"end":{"line":59,"column":1}},"27":{"start":{"line":56,"column":2},"end":{"line":58,"column":5}},"28":{"start":{"line":57,"column":4},"end":{"line":57,"column":53}},"29":{"start":{"line":61,"column":0},"end":{"line":61,"column":21}}},"fnMap":{"0":{"name":"(anonymous_0)","decl":{"start":{"line":51,"column":19},"end":{"line":51,"column":20}},"loc":{"start":{"line":51,"column":33},"end":{"line":53,"column":1}},"line":51},"1":{"name":"(anonymous_1)","decl":{"start":{"line":56,"column":19},"end":{"line":56,"column":20}},"loc":{"start":{"line":56,"column":25},"end":{"line":58,"column":3}},"line":56}},"branchMap":{"0":{"loc":{"start":{"line":9,"column":13},"end":{"line":9,"column":37}},"type":"binary-expr","locations":[{"start":{"line":9,"column":13},"end":{"line":9,"column":29}},{"start":{"line":9,"column":33},"end":{"line":9,"column":37}}],"line":9},"1":{"loc":{"start":{"line":55,"column":0},"end":{"line":59,"column":1}},"type":"if","locations":[{"start":{"line":55,"column":0},"end":{"line":59,"column":1}},{"start":{},"end":{}}],"line":55}},"s":{"0":1,"1":1,"2":1,"3":1,"4":1,"5":1,"6":1,"7":1,"8":1,"9":1,"10":1,"11":1,"12":1,"13":1,"14":1,"15":1,"16":1,"17":1,"18":1,"19":1,"20":1,"21":1,"22":1,"23":1,"24":1,"25":1,"26":1,"27":0,"28":0,"29":1},"f":{"0":1,"1":0},"b":{"0":[1,1],"1":[0,1]},"_coverageSchema":"1a1c01bbd47fc00a2c39e90264f33305004495a9","hash":"5ff527bf7ac2198fc4937e7163f67704e11aa94d"}
,"C:\\Users\\nathan victor\\Documents\\EiXomano_Final_V10\\backend\\middleware\\authMiddleware.js": {"path":"C:\\Users\\nathan victor\\Documents\\EiXomano_Final_V10\\backend\\middleware\\authMiddleware.js","statementMap":{"0":{"start":{"line":1,"column":12},"end":{"line":1,"column":35}},"1":{"start":{"line":3,"column":19},"end":{"line":3,"column":66}},"2":{"start":{"line":6,"column":21},"end":{"line":6,"column":49}},"3":{"start":{"line":7,"column":16},"end":{"line":7,"column":54}},"4":{"start":{"line":9,"column":2},"end":{"line":11,"column":3}},"5":{"start":{"line":10,"column":4},"end":{"line":10,"column":85}},"6":{"start":{"line":13,"column":2},"end":{"line":19,"column":5}},"7":{"start":{"line":14,"column":4},"end":{"line":16,"column":5}},"8":{"start":{"line":15,"column":6},"end":{"line":15,"column":87}},"9":{"start":{"line":17,"column":4},"end":{"line":17,"column":23}},"10":{"start":{"line":18,"column":4},"end":{"line":18,"column":11}},"11":{"start":{"line":22,"column":0},"end":{"line":22,"column":32}}},"fnMap":{"0":{"name":"authMiddleware","decl":{"start":{"line":5,"column":9},"end":{"line":5,"column":23}},"loc":{"start":{"line":5,"column":40},"end":{"line":20,"column":1}},"line":5},"1":{"name":"(anonymous_1)","decl":{"start":{"line":13,"column":32},"end":{"line":13,"column":33}},"loc":{"start":{"line":13,"column":50},"end":{"line":19,"column":3}},"line":13}},"branchMap":{"0":{"loc":{"start":{"line":3,"column":19},"end":{"line":3,"column":66}},"type":"binary-expr","locations":[{"start":{"line":3,"column":19},"end":{"line":3,"column":41}},{"start":{"line":3,"column":45},"end":{"line":3,"column":66}}],"line":3},"1":{"loc":{"start":{"line":7,"column":16},"end":{"line":7,"column":54}},"type":"binary-expr","locations":[{"start":{"line":7,"column":16},"end":{"line":7,"column":26}},{"start":{"line":7,"column":30},"end":{"line":7,"column":54}}],"line":7},"2":{"loc":{"start":{"line":9,"column":2},"end":{"line":11,"column":3}},"type":"if","locations":[{"start":{"line":9,"column":2},"end":{"line":11,"column":3}},{"start":{},"end":{}}],"line":9},"3":{"loc":{"start":{"line":14,"column":4},"end":{"line":16,"column":5}},"type":"if","locations":[{"start":{"line":14,"column":4},"end":{"line":16,"column":5}},{"start":{},"end":{}}],"line":14}},"s":{"0":1,"1":1,"2":2,"3":2,"4":2,"5":0,"6":2,"7":2,"8":0,"9":2,"10":2,"11":1},"f":{"0":2,"1":2},"b":{"0":[1,1],"1":[2,2],"2":[0,2],"3":[0,2]},"_coverageSchema":"1a1c01bbd47fc00a2c39e90264f33305004495a9","hash":"2f2fee85a7bd16f315cefe16a3b4354ef79f425f"}
,"C:\\Users\\nathan victor\\Documents\\EiXomano_Final_V10\\backend\\routes\\auth.js": {"path":"C:\\Users\\nathan victor\\Documents\\EiXomano_Final_V10\\backend\\routes\\auth.js","statementMap":{"0":{"start":{"line":1,"column":16},"end":{"line":1,"column":34}},"1":{"start":{"line":2,"column":15},"end":{"line":2,"column":31}},"2":{"start":{"line":3,"column":13},"end":{"line":3,"column":29}},"3":{"start":{"line":4,"column":12},"end":{"line":4,"column":35}},"4":{"start":{"line":5,"column":23},"end":{"line":5,"column":62}},"5":{"start":{"line":7,"column":19},"end":{"line":7,"column":66}},"6":{"start":{"line":36,"column":0},"end":{"line":93,"column":3}},"7":{"start":{"line":37,"column":42},"end":{"line":37,"column":50}},"8":{"start":{"line":39,"column":2},"end":{"line":41,"column":3}},"9":{"start":{"line":40,"column":4},"end":{"line":40,"column":99}},"10":{"start":{"line":43,"column":17},"end":{"line":43,"column":37}},"11":{"start":{"line":44,"column":2},"end":{"line":92,"column":3}},"12":{"start":{"line":45,"column":4},"end":{"line":45,"column":32}},"13":{"start":{"line":48,"column":22},"end":{"line":48,"column":93}},"14":{"start":{"line":49,"column":4},"end":{"line":52,"column":5}},"15":{"start":{"line":50,"column":6},"end":{"line":50,"column":37}},"16":{"start":{"line":51,"column":6},"end":{"line":51,"column":84}},"17":{"start":{"line":55,"column":23},"end":{"line":59,"column":5}},"18":{"start":{"line":61,"column":20},"end":{"line":61,"column":38}},"19":{"start":{"line":64,"column":23},"end":{"line":68,"column":5}},"20":{"start":{"line":70,"column":20},"end":{"line":70,"column":38}},"21":{"start":{"line":72,"column":18},"end":{"line":76,"column":5}},"22":{"start":{"line":78,"column":4},"end":{"line":78,"column":33}},"23":{"start":{"line":80,"column":4},"end":{"line":85,"column":7}},"24":{"start":{"line":87,"column":4},"end":{"line":87,"column":35}},"25":{"start":{"line":88,"column":4},"end":{"line":88,"column":46}},"26":{"start":{"line":89,"column":4},"end":{"line":89,"column":79}},"27":{"start":{"line":91,"column":4},"end":{"line":91,"column":21}},"28":{"start":{"line":118,"column":0},"end":{"line":173,"column":3}},"29":{"start":{"line":119,"column":26},"end":{"line":119,"column":34}},"30":{"start":{"line":121,"column":2},"end":{"line":172,"column":3}},"31":{"start":{"line":123,"column":22},"end":{"line":123,"column":111}},"32":{"start":{"line":125,"column":4},"end":{"line":127,"column":5}},"33":{"start":{"line":126,"column":6},"end":{"line":126,"column":85}},"34":{"start":{"line":129,"column":17},"end":{"line":129,"column":34}},"35":{"start":{"line":132,"column":21},"end":{"line":132,"column":25}},"36":{"start":{"line":133,"column":4},"end":{"line":138,"column":5}},"37":{"start":{"line":134,"column":24},"end":{"line":134,"column":100}},"38":{"start":{"line":135,"column":6},"end":{"line":137,"column":7}},"39":{"start":{"line":136,"column":8},"end":{"line":136,"column":39}},"40":{"start":{"line":142,"column":23},"end":{"line":149,"column":5}},"41":{"start":{"line":151,"column":18},"end":{"line":155,"column":5}},"42":{"start":{"line":157,"column":4},"end":{"line":168,"column":7}},"43":{"start":{"line":170,"column":4},"end":{"line":170,"column":43}},"44":{"start":{"line":171,"column":4},"end":{"line":171,"column":79}},"45":{"start":{"line":200,"column":0},"end":{"line":228,"column":3}},"46":{"start":{"line":201,"column":34},"end":{"line":201,"column":42}},"47":{"start":{"line":204,"column":2},"end":{"line":206,"column":3}},"48":{"start":{"line":205,"column":4},"end":{"line":205,"column":118}},"49":{"start":{"line":209,"column":2},"end":{"line":211,"column":3}},"50":{"start":{"line":210,"column":4},"end":{"line":210,"column":104}},"51":{"start":{"line":213,"column":2},"end":{"line":227,"column":3}},"52":{"start":{"line":214,"column":19},"end":{"line":217,"column":5}},"53":{"start":{"line":219,"column":4},"end":{"line":221,"column":5}},"54":{"start":{"line":220,"column":6},"end":{"line":220,"column":86}},"55":{"start":{"line":223,"column":4},"end":{"line":223,"column":66}},"56":{"start":{"line":225,"column":4},"end":{"line":225,"column":54}},"57":{"start":{"line":226,"column":4},"end":{"line":226,"column":79}},"58":{"start":{"line":230,"column":0},"end":{"line":230,"column":24}}},"fnMap":{"0":{"name":"(anonymous_0)","decl":{"start":{"line":36,"column":25},"end":{"line":36,"column":26}},"loc":{"start":{"line":36,"column":45},"end":{"line":93,"column":1}},"line":36},"1":{"name":"(anonymous_1)","decl":{"start":{"line":118,"column":22},"end":{"line":118,"column":23}},"loc":{"start":{"line":118,"column":42},"end":{"line":173,"column":1}},"line":118},"2":{"name":"(anonymous_2)","decl":{"start":{"line":200,"column":46},"end":{"line":200,"column":47}},"loc":{"start":{"line":200,"column":66},"end":{"line":228,"column":1}},"line":200}},"branchMap":{"0":{"loc":{"start":{"line":7,"column":19},"end":{"line":7,"column":66}},"type":"binary-expr","locations":[{"start":{"line":7,"column":19},"end":{"line":7,"column":41}},{"start":{"line":7,"column":45},"end":{"line":7,"column":66}}],"line":7},"1":{"loc":{"start":{"line":39,"column":2},"end":{"line":41,"column":3}},"type":"if","locations":[{"start":{"line":39,"column":2},"end":{"line":41,"column":3}},{"start":{},"end":{}}],"line":39},"2":{"loc":{"start":{"line":39,"column":6},"end":{"line":39,"column":43}},"type":"binary-expr","locations":[{"start":{"line":39,"column":6},"end":{"line":39,"column":12}},{"start":{"line":39,"column":16},"end":{"line":39,"column":21}},{"start":{"line":39,"column":25},"end":{"line":39,"column":30}},{"start":{"line":39,"column":34},"end":{"line":39,"column":43}}],"line":39},"3":{"loc":{"start":{"line":49,"column":4},"end":{"line":52,"column":5}},"type":"if","locations":[{"start":{"line":49,"column":4},"end":{"line":52,"column":5}},{"start":{},"end":{}}],"line":49},"4":{"loc":{"start":{"line":125,"column":4},"end":{"line":127,"column":5}},"type":"if","locations":[{"start":{"line":125,"column":4},"end":{"line":127,"column":5}},{"start":{},"end":{}}],"line":125},"5":{"loc":{"start":{"line":133,"column":4},"end":{"line":138,"column":5}},"type":"if","locations":[{"start":{"line":133,"column":4},"end":{"line":138,"column":5}},{"start":{},"end":{}}],"line":133},"6":{"loc":{"start":{"line":135,"column":6},"end":{"line":137,"column":7}},"type":"if","locations":[{"start":{"line":135,"column":6},"end":{"line":137,"column":7}},{"start":{},"end":{}}],"line":135},"7":{"loc":{"start":{"line":148,"column":12},"end":{"line":148,"column":48}},"type":"cond-expr","locations":[{"start":{"line":148,"column":25},"end":{"line":148,"column":41}},{"start":{"line":148,"column":44},"end":{"line":148,"column":48}}],"line":148},"8":{"loc":{"start":{"line":161,"column":18},"end":{"line":167,"column":14}},"type":"cond-expr","locations":[{"start":{"line":161,"column":31},"end":{"line":167,"column":7}},{"start":{"line":167,"column":10},"end":{"line":167,"column":14}}],"line":161},"9":{"loc":{"start":{"line":204,"column":2},"end":{"line":206,"column":3}},"type":"if","locations":[{"start":{"line":204,"column":2},"end":{"line":206,"column":3}},{"start":{},"end":{}}],"line":204},"10":{"loc":{"start":{"line":204,"column":6},"end":{"line":204,"column":70}},"type":"binary-expr","locations":[{"start":{"line":204,"column":6},"end":{"line":204,"column":28}},{"start":{"line":204,"column":32},"end":{"line":204,"column":70}}],"line":204},"11":{"loc":{"start":{"line":209,"column":2},"end":{"line":211,"column":3}},"type":"if","locations":[{"start":{"line":209,"column":2},"end":{"line":211,"column":3}},{"start":{},"end":{}}],"line":209},"12":{"loc":{"start":{"line":209,"column":6},"end":{"line":209,"column":64}},"type":"binary-expr","locations":[{"start":{"line":209,"column":6},"end":{"line":209,"column":11}},{"start":{"line":209,"column":15},"end":{"line":209,"column":37}},{"start":{"line":209,"column":41},"end":{"line":209,"column":64}}],"line":209},"13":{"loc":{"start":{"line":219,"column":4},"end":{"line":221,"column":5}},"type":"if","locations":[{"start":{"line":219,"column":4},"end":{"line":221,"column":5}},{"start":{},"end":{}}],"line":219}},"s":{"0":1,"1":1,"2":1,"3":1,"4":1,"5":1,"6":1,"7":0,"8":0,"9":0,"10":0,"11":0,"12":0,"13":0,"14":0,"15":0,"16":0,"17":0,"18":0,"19":0,"20":0,"21":0,"22":0,"23":0,"24":0,"25":0,"26":0,"27":0,"28":1,"29":2,"30":2,"31":2,"32":2,"33":1,"34":1,"35":1,"36":1,"37":1,"38":1,"39":1,"40":1,"41":1,"42":1,"43":0,"44":0,"45":1,"46":0,"47":0,"48":0,"49":0,"50":0,"51":0,"52":0,"53":0,"54":0,"55":0,"56":0,"57":0,"58":1},"f":{"0":0,"1":2,"2":0},"b":{"0":[1,1],"1":[0,0],"2":[0,0,0,0],"3":[0,0],"4":[1,1],"5":[1,0],"6":[1,0],"7":[1,0],"8":[1,0],"9":[0,0],"10":[0,0],"11":[0,0],"12":[0,0,0],"13":[0,0]},"_coverageSchema":"1a1c01bbd47fc00a2c39e90264f33305004495a9","hash":"480754326a685f02faea68ea9401f4bba406779c"}
,"C:\\Users\\nathan victor\\Documents\\EiXomano_Final_V10\\backend\\routes\\dashboard.js": {"path":"C:\\Users\\nathan victor\\Documents\\EiXomano_Final_V10\\backend\\routes\\dashboard.js","statementMap":{"0":{"start":{"line":1,"column":16},"end":{"line":1,"column":34}},"1":{"start":{"line":2,"column":15},"end":{"line":2,"column":31}},"2":{"start":{"line":3,"column":13},"end":{"line":3,"column":29}},"3":{"start":{"line":4,"column":23},"end":{"line":4,"column":62}},"4":{"start":{"line":16,"column":0},"end":{"line":34,"column":3}},"5":{"start":{"line":17,"column":2},"end":{"line":33,"column":3}},"6":{"start":{"line":19,"column":18},"end":{"line":27,"column":5}},"7":{"start":{"line":28,"column":19},"end":{"line":28,"column":42}},"8":{"start":{"line":29,"column":4},"end":{"line":29,"column":26}},"9":{"start":{"line":31,"column":4},"end":{"line":31,"column":25}},"10":{"start":{"line":32,"column":4},"end":{"line":32,"column":70}},"11":{"start":{"line":59,"column":0},"end":{"line":79,"column":3}},"12":{"start":{"line":60,"column":29},"end":{"line":60,"column":39}},"13":{"start":{"line":61,"column":30},"end":{"line":61,"column":39}},"14":{"start":{"line":62,"column":2},"end":{"line":78,"column":3}},"15":{"start":{"line":63,"column":16},"end":{"line":63,"column":76}},"16":{"start":{"line":64,"column":19},"end":{"line":64,"column":35}},"17":{"start":{"line":66,"column":4},"end":{"line":69,"column":5}},"18":{"start":{"line":67,"column":6},"end":{"line":67,"column":43}},"19":{"start":{"line":68,"column":6},"end":{"line":68,"column":35}},"20":{"start":{"line":71,"column":4},"end":{"line":71,"column":49}},"21":{"start":{"line":73,"column":19},"end":{"line":73,"column":50}},"22":{"start":{"line":74,"column":4},"end":{"line":74,"column":26}},"23":{"start":{"line":76,"column":4},"end":{"line":76,"column":25}},"24":{"start":{"line":77,"column":4},"end":{"line":77,"column":63}},"25":{"start":{"line":112,"column":0},"end":{"line":155,"column":3}},"26":{"start":{"line":113,"column":89},"end":{"line":113,"column":97}},"27":{"start":{"line":114,"column":2},"end":{"line":154,"column":3}},"28":{"start":{"line":116,"column":4},"end":{"line":124,"column":5}},"29":{"start":{"line":117,"column":20},"end":{"line":117,"column":104}},"30":{"start":{"line":118,"column":6},"end":{"line":120,"column":7}},"31":{"start":{"line":119,"column":8},"end":{"line":119,"column":77}},"32":{"start":{"line":121,"column":6},"end":{"line":123,"column":7}},"33":{"start":{"line":122,"column":8},"end":{"line":122,"column":110}},"34":{"start":{"line":127,"column":18},"end":{"line":130,"column":5}},"35":{"start":{"line":133,"column":4},"end":{"line":149,"column":5}},"36":{"start":{"line":135,"column":22},"end":{"line":135,"column":35}},"37":{"start":{"line":136,"column":29},"end":{"line":136,"column":107}},"38":{"start":{"line":137,"column":25},"end":{"line":137,"column":96}},"39":{"start":{"line":139,"column":6},"end":{"line":142,"column":8}},"40":{"start":{"line":145,"column":6},"end":{"line":148,"column":8}},"41":{"start":{"line":150,"column":4},"end":{"line":150,"column":29}},"42":{"start":{"line":152,"column":4},"end":{"line":152,"column":25}},"43":{"start":{"line":153,"column":4},"end":{"line":153,"column":66}},"44":{"start":{"line":157,"column":0},"end":{"line":157,"column":24}}},"fnMap":{"0":{"name":"(anonymous_0)","decl":{"start":{"line":16,"column":43},"end":{"line":16,"column":44}},"loc":{"start":{"line":16,"column":63},"end":{"line":34,"column":1}},"line":16},"1":{"name":"(anonymous_1)","decl":{"start":{"line":59,"column":47},"end":{"line":59,"column":48}},"loc":{"start":{"line":59,"column":67},"end":{"line":79,"column":1}},"line":59},"2":{"name":"(anonymous_2)","decl":{"start":{"line":112,"column":42},"end":{"line":112,"column":43}},"loc":{"start":{"line":112,"column":62},"end":{"line":155,"column":1}},"line":112}},"branchMap":{"0":{"loc":{"start":{"line":66,"column":4},"end":{"line":69,"column":5}},"type":"if","locations":[{"start":{"line":66,"column":4},"end":{"line":69,"column":5}},{"start":{},"end":{}}],"line":66},"1":{"loc":{"start":{"line":116,"column":4},"end":{"line":124,"column":5}},"type":"if","locations":[{"start":{"line":116,"column":4},"end":{"line":124,"column":5}},{"start":{},"end":{}}],"line":116},"2":{"loc":{"start":{"line":118,"column":6},"end":{"line":120,"column":7}},"type":"if","locations":[{"start":{"line":118,"column":6},"end":{"line":120,"column":7}},{"start":{},"end":{}}],"line":118},"3":{"loc":{"start":{"line":121,"column":6},"end":{"line":123,"column":7}},"type":"if","locations":[{"start":{"line":121,"column":6},"end":{"line":123,"column":7}},{"start":{},"end":{}}],"line":121},"4":{"loc":{"start":{"line":133,"column":4},"end":{"line":149,"column":5}},"type":"if","locations":[{"start":{"line":133,"column":4},"end":{"line":149,"column":5}},{"start":{"line":143,"column":11},"end":{"line":149,"column":5}}],"line":133},"5":{"loc":{"start":{"line":136,"column":80},"end":{"line":136,"column":106}},"type":"binary-expr","locations":[{"start":{"line":136,"column":80},"end":{"line":136,"column":101}},{"start":{"line":136,"column":105},"end":{"line":136,"column":106}}],"line":136},"6":{"loc":{"start":{"line":137,"column":72},"end":{"line":137,"column":95}},"type":"binary-expr","locations":[{"start":{"line":137,"column":72},"end":{"line":137,"column":90}},{"start":{"line":137,"column":94},"end":{"line":137,"column":95}}],"line":137},"7":{"loc":{"start":{"line":147,"column":42},"end":{"line":147,"column":68}},"type":"binary-expr","locations":[{"start":{"line":147,"column":42},"end":{"line":147,"column":63}},{"start":{"line":147,"column":67},"end":{"line":147,"column":68}}],"line":147},"8":{"loc":{"start":{"line":147,"column":70},"end":{"line":147,"column":93}},"type":"binary-expr","locations":[{"start":{"line":147,"column":70},"end":{"line":147,"column":88}},{"start":{"line":147,"column":92},"end":{"line":147,"column":93}}],"line":147}},"s":{"0":1,"1":1,"2":1,"3":1,"4":1,"5":0,"6":0,"7":0,"8":0,"9":0,"10":0,"11":1,"12":0,"13":0,"14":0,"15":0,"16":0,"17":0,"18":0,"19":0,"20":0,"21":0,"22":0,"23":0,"24":0,"25":1,"26":0,"27":0,"28":0,"29":0,"30":0,"31":0,"32":0,"33":0,"34":0,"35":0,"36":0,"37":0,"38":0,"39":0,"40":0,"41":0,"42":0,"43":0,"44":1},"f":{"0":0,"1":0,"2":0},"b":{"0":[0,0],"1":[0,0],"2":[0,0],"3":[0,0],"4":[0,0],"5":[0,0],"6":[0,0],"7":[0,0],"8":[0,0]},"_coverageSchema":"1a1c01bbd47fc00a2c39e90264f33305004495a9","hash":"7a48083b9aac074465ef3193a095070f8b0edb03"}
,"C:\\Users\\nathan victor\\Documents\\EiXomano_Final_V10\\backend\\routes\\logs.js": {"path":"C:\\Users\\nathan victor\\Documents\\EiXomano_Final_V10\\backend\\routes\\logs.js","statementMap":{"0":{"start":{"line":1,"column":16},"end":{"line":1,"column":34}},"1":{"start":{"line":2,"column":15},"end":{"line":2,"column":31}},"2":{"start":{"line":3,"column":13},"end":{"line":3,"column":29}},"3":{"start":{"line":4,"column":23},"end":{"line":4,"column":62}},"4":{"start":{"line":16,"column":0},"end":{"line":27,"column":3}},"5":{"start":{"line":17,"column":2},"end":{"line":19,"column":3}},"6":{"start":{"line":18,"column":4},"end":{"line":18,"column":119}},"7":{"start":{"line":20,"column":2},"end":{"line":26,"column":3}},"8":{"start":{"line":21,"column":19},"end":{"line":21,"column":96}},"9":{"start":{"line":22,"column":4},"end":{"line":22,"column":26}},"10":{"start":{"line":24,"column":4},"end":{"line":24,"column":25}},"11":{"start":{"line":25,"column":4},"end":{"line":25,"column":59}},"12":{"start":{"line":53,"column":0},"end":{"line":65,"column":3}},"13":{"start":{"line":54,"column":31},"end":{"line":54,"column":39}},"14":{"start":{"line":55,"column":2},"end":{"line":64,"column":3}},"15":{"start":{"line":56,"column":19},"end":{"line":59,"column":5}},"16":{"start":{"line":60,"column":4},"end":{"line":60,"column":41}},"17":{"start":{"line":62,"column":4},"end":{"line":62,"column":25}},"18":{"start":{"line":63,"column":4},"end":{"line":63,"column":57}},"19":{"start":{"line":67,"column":0},"end":{"line":67,"column":24}}},"fnMap":{"0":{"name":"(anonymous_0)","decl":{"start":{"line":16,"column":32},"end":{"line":16,"column":33}},"loc":{"start":{"line":16,"column":52},"end":{"line":27,"column":1}},"line":16},"1":{"name":"(anonymous_1)","decl":{"start":{"line":53,"column":17},"end":{"line":53,"column":18}},"loc":{"start":{"line":53,"column":37},"end":{"line":65,"column":1}},"line":53}},"branchMap":{"0":{"loc":{"start":{"line":17,"column":2},"end":{"line":19,"column":3}},"type":"if","locations":[{"start":{"line":17,"column":2},"end":{"line":19,"column":3}},{"start":{},"end":{}}],"line":17}},"s":{"0":1,"1":1,"2":1,"3":1,"4":1,"5":0,"6":0,"7":0,"8":0,"9":0,"10":0,"11":0,"12":1,"13":0,"14":0,"15":0,"16":0,"17":0,"18":0,"19":1},"f":{"0":0,"1":0},"b":{"0":[0,0]},"_coverageSchema":"1a1c01bbd47fc00a2c39e90264f33305004495a9","hash":"02e3c2e57c5d9ee410a60e51d422d1fb12f4d68b"}
,"C:\\Users\\nathan victor\\Documents\\EiXomano_Final_V10\\backend\\routes\\pedidos.js": {"path":"C:\\Users\\nathan victor\\Documents\\EiXomano_Final_V10\\backend\\routes\\pedidos.js","statementMap":{"0":{"start":{"line":1,"column":16},"end":{"line":1,"column":34}},"1":{"start":{"line":2,"column":15},"end":{"line":2,"column":31}},"2":{"start":{"line":3,"column":13},"end":{"line":3,"column":29}},"3":{"start":{"line":4,"column":23},"end":{"line":4,"column":62}},"4":{"start":{"line":23,"column":0},"end":{"line":32,"column":3}},"5":{"start":{"line":24,"column":29},"end":{"line":24,"column":39}},"6":{"start":{"line":25,"column":2},"end":{"line":31,"column":3}},"7":{"start":{"line":26,"column":19},"end":{"line":26,"column":128}},"8":{"start":{"line":27,"column":4},"end":{"line":27,"column":26}},"9":{"start":{"line":29,"column":4},"end":{"line":29,"column":25}},"10":{"start":{"line":30,"column":4},"end":{"line":30,"column":62}},"11":{"start":{"line":58,"column":0},"end":{"line":70,"column":3}},"12":{"start":{"line":59,"column":42},"end":{"line":59,"column":50}},"13":{"start":{"line":60,"column":2},"end":{"line":69,"column":3}},"14":{"start":{"line":61,"column":19},"end":{"line":64,"column":5}},"15":{"start":{"line":65,"column":4},"end":{"line":65,"column":41}},"16":{"start":{"line":67,"column":4},"end":{"line":67,"column":25}},"17":{"start":{"line":68,"column":4},"end":{"line":68,"column":60}},"18":{"start":{"line":104,"column":0},"end":{"line":118,"column":3}},"19":{"start":{"line":105,"column":17},"end":{"line":105,"column":27}},"20":{"start":{"line":106,"column":26},"end":{"line":106,"column":34}},"21":{"start":{"line":107,"column":2},"end":{"line":117,"column":3}},"22":{"start":{"line":108,"column":19},"end":{"line":111,"column":5}},"23":{"start":{"line":112,"column":4},"end":{"line":112,"column":98}},"24":{"start":{"line":112,"column":34},"end":{"line":112,"column":98}},"25":{"start":{"line":113,"column":4},"end":{"line":113,"column":29}},"26":{"start":{"line":115,"column":4},"end":{"line":115,"column":25}},"27":{"start":{"line":116,"column":4},"end":{"line":116,"column":64}},"28":{"start":{"line":120,"column":0},"end":{"line":120,"column":24}}},"fnMap":{"0":{"name":"(anonymous_0)","decl":{"start":{"line":23,"column":47},"end":{"line":23,"column":48}},"loc":{"start":{"line":23,"column":67},"end":{"line":32,"column":1}},"line":23},"1":{"name":"(anonymous_1)","decl":{"start":{"line":58,"column":17},"end":{"line":58,"column":18}},"loc":{"start":{"line":58,"column":37},"end":{"line":70,"column":1}},"line":58},"2":{"name":"(anonymous_2)","decl":{"start":{"line":104,"column":35},"end":{"line":104,"column":36}},"loc":{"start":{"line":104,"column":55},"end":{"line":118,"column":1}},"line":104}},"branchMap":{"0":{"loc":{"start":{"line":63,"column":23},"end":{"line":63,"column":39}},"type":"binary-expr","locations":[{"start":{"line":63,"column":23},"end":{"line":63,"column":34}},{"start":{"line":63,"column":38},"end":{"line":63,"column":39}}],"line":63},"1":{"loc":{"start":{"line":112,"column":4},"end":{"line":112,"column":98}},"type":"if","locations":[{"start":{"line":112,"column":4},"end":{"line":112,"column":98}},{"start":{},"end":{}}],"line":112}},"s":{"0":1,"1":1,"2":1,"3":1,"4":1,"5":0,"6":0,"7":0,"8":0,"9":0,"10":0,"11":1,"12":0,"13":0,"14":0,"15":0,"16":0,"17":0,"18":1,"19":0,"20":0,"21":0,"22":0,"23":0,"24":0,"25":0,"26":0,"27":0,"28":1},"f":{"0":0,"1":0,"2":0},"b":{"0":[0,0],"1":[0,0]},"_coverageSchema":"1a1c01bbd47fc00a2c39e90264f33305004495a9","hash":"01e44e1ee685890097ddf0321f1387a898174a39"}
,"C:\\Users\\nathan victor\\Documents\\EiXomano_Final_V10\\backend\\routes\\produtos.js": {"path":"C:\\Users\\nathan victor\\Documents\\EiXomano_Final_V10\\backend\\routes\\produtos.js","statementMap":{"0":{"start":{"line":1,"column":16},"end":{"line":1,"column":34}},"1":{"start":{"line":2,"column":15},"end":{"line":2,"column":31}},"2":{"start":{"line":3,"column":13},"end":{"line":3,"column":29}},"3":{"start":{"line":4,"column":23},"end":{"line":4,"column":62}},"4":{"start":{"line":23,"column":0},"end":{"line":32,"column":3}},"5":{"start":{"line":24,"column":29},"end":{"line":24,"column":39}},"6":{"start":{"line":25,"column":2},"end":{"line":31,"column":3}},"7":{"start":{"line":26,"column":19},"end":{"line":26,"column":105}},"8":{"start":{"line":27,"column":4},"end":{"line":27,"column":26}},"9":{"start":{"line":29,"column":4},"end":{"line":29,"column":25}},"10":{"start":{"line":30,"column":4},"end":{"line":30,"column":63}},"11":{"start":{"line":64,"column":0},"end":{"line":76,"column":3}},"12":{"start":{"line":65,"column":53},"end":{"line":65,"column":61}},"13":{"start":{"line":66,"column":2},"end":{"line":75,"column":3}},"14":{"start":{"line":67,"column":19},"end":{"line":70,"column":5}},"15":{"start":{"line":71,"column":4},"end":{"line":71,"column":41}},"16":{"start":{"line":73,"column":4},"end":{"line":73,"column":25}},"17":{"start":{"line":74,"column":4},"end":{"line":74,"column":61}},"18":{"start":{"line":110,"column":0},"end":{"line":124,"column":3}},"19":{"start":{"line":111,"column":17},"end":{"line":111,"column":27}},"20":{"start":{"line":112,"column":37},"end":{"line":112,"column":45}},"21":{"start":{"line":113,"column":2},"end":{"line":123,"column":3}},"22":{"start":{"line":114,"column":19},"end":{"line":117,"column":5}},"23":{"start":{"line":118,"column":4},"end":{"line":118,"column":99}},"24":{"start":{"line":118,"column":34},"end":{"line":118,"column":99}},"25":{"start":{"line":119,"column":4},"end":{"line":119,"column":29}},"26":{"start":{"line":121,"column":4},"end":{"line":121,"column":25}},"27":{"start":{"line":122,"column":4},"end":{"line":122,"column":65}},"28":{"start":{"line":145,"column":0},"end":{"line":155,"column":3}},"29":{"start":{"line":146,"column":17},"end":{"line":146,"column":27}},"30":{"start":{"line":147,"column":2},"end":{"line":154,"column":3}},"31":{"start":{"line":148,"column":19},"end":{"line":148,"column":91}},"32":{"start":{"line":149,"column":4},"end":{"line":149,"column":99}},"33":{"start":{"line":149,"column":34},"end":{"line":149,"column":99}},"34":{"start":{"line":150,"column":4},"end":{"line":150,"column":58}},"35":{"start":{"line":152,"column":4},"end":{"line":152,"column":25}},"36":{"start":{"line":153,"column":4},"end":{"line":153,"column":63}},"37":{"start":{"line":157,"column":0},"end":{"line":157,"column":24}}},"fnMap":{"0":{"name":"(anonymous_0)","decl":{"start":{"line":23,"column":31},"end":{"line":23,"column":32}},"loc":{"start":{"line":23,"column":51},"end":{"line":32,"column":1}},"line":23},"1":{"name":"(anonymous_1)","decl":{"start":{"line":64,"column":33},"end":{"line":64,"column":34}},"loc":{"start":{"line":64,"column":53},"end":{"line":76,"column":1}},"line":64},"2":{"name":"(anonymous_2)","decl":{"start":{"line":110,"column":35},"end":{"line":110,"column":36}},"loc":{"start":{"line":110,"column":55},"end":{"line":124,"column":1}},"line":110},"3":{"name":"(anonymous_3)","decl":{"start":{"line":145,"column":38},"end":{"line":145,"column":39}},"loc":{"start":{"line":145,"column":58},"end":{"line":155,"column":1}},"line":145}},"branchMap":{"0":{"loc":{"start":{"line":118,"column":4},"end":{"line":118,"column":99}},"type":"if","locations":[{"start":{"line":118,"column":4},"end":{"line":118,"column":99}},{"start":{},"end":{}}],"line":118},"1":{"loc":{"start":{"line":149,"column":4},"end":{"line":149,"column":99}},"type":"if","locations":[{"start":{"line":149,"column":4},"end":{"line":149,"column":99}},{"start":{},"end":{}}],"line":149}},"s":{"0":1,"1":1,"2":1,"3":1,"4":1,"5":0,"6":0,"7":0,"8":0,"9":0,"10":0,"11":1,"12":1,"13":1,"14":1,"15":1,"16":0,"17":0,"18":1,"19":0,"20":0,"21":0,"22":0,"23":0,"24":0,"25":0,"26":0,"27":0,"28":1,"29":0,"30":0,"31":0,"32":0,"33":0,"34":0,"35":0,"36":0,"37":1},"f":{"0":0,"1":1,"2":0,"3":0},"b":{"0":[0,0],"1":[0,0]},"_coverageSchema":"1a1c01bbd47fc00a2c39e90264f33305004495a9","hash":"325287c9a27bf1cd7679e70d6683d3675197c04d"}
,"C:\\Users\\nathan victor\\Documents\\EiXomano_Final_V10\\backend\\routes\\restaurantes.js": {"path":"C:\\Users\\nathan victor\\Documents\\EiXomano_Final_V10\\backend\\routes\\restaurantes.js","statementMap":{"0":{"start":{"line":1,"column":16},"end":{"line":1,"column":34}},"1":{"start":{"line":2,"column":15},"end":{"line":2,"column":31}},"2":{"start":{"line":3,"column":13},"end":{"line":3,"column":29}},"3":{"start":{"line":4,"column":23},"end":{"line":4,"column":62}},"4":{"start":{"line":20,"column":0},"end":{"line":31,"column":3}},"5":{"start":{"line":21,"column":2},"end":{"line":23,"column":3}},"6":{"start":{"line":22,"column":4},"end":{"line":22,"column":128}},"7":{"start":{"line":24,"column":2},"end":{"line":30,"column":3}},"8":{"start":{"line":25,"column":19},"end":{"line":25,"column":91}},"9":{"start":{"line":26,"column":4},"end":{"line":26,"column":26}},"10":{"start":{"line":28,"column":4},"end":{"line":28,"column":25}},"11":{"start":{"line":29,"column":4},"end":{"line":29,"column":67}},"12":{"start":{"line":50,"column":0},"end":{"line":64,"column":3}},"13":{"start":{"line":51,"column":22},"end":{"line":51,"column":32}},"14":{"start":{"line":53,"column":2},"end":{"line":55,"column":3}},"15":{"start":{"line":54,"column":4},"end":{"line":54,"column":129}},"16":{"start":{"line":57,"column":2},"end":{"line":63,"column":3}},"17":{"start":{"line":58,"column":19},"end":{"line":58,"column":119}},"18":{"start":{"line":59,"column":4},"end":{"line":59,"column":26}},"19":{"start":{"line":61,"column":4},"end":{"line":61,"column":25}},"20":{"start":{"line":62,"column":4},"end":{"line":62,"column":67}},"21":{"start":{"line":93,"column":0},"end":{"line":110,"column":3}},"22":{"start":{"line":94,"column":35},"end":{"line":94,"column":43}},"23":{"start":{"line":96,"column":2},"end":{"line":98,"column":3}},"24":{"start":{"line":97,"column":4},"end":{"line":97,"column":121}},"25":{"start":{"line":100,"column":2},"end":{"line":109,"column":3}},"26":{"start":{"line":101,"column":19},"end":{"line":104,"column":5}},"27":{"start":{"line":105,"column":4},"end":{"line":105,"column":41}},"28":{"start":{"line":107,"column":4},"end":{"line":107,"column":25}},"29":{"start":{"line":108,"column":4},"end":{"line":108,"column":65}},"30":{"start":{"line":144,"column":0},"end":{"line":169,"column":3}},"31":{"start":{"line":145,"column":17},"end":{"line":145,"column":27}},"32":{"start":{"line":146,"column":33},"end":{"line":146,"column":41}},"33":{"start":{"line":147,"column":2},"end":{"line":168,"column":3}},"34":{"start":{"line":149,"column":4},"end":{"line":157,"column":5}},"35":{"start":{"line":150,"column":20},"end":{"line":150,"column":92}},"36":{"start":{"line":151,"column":6},"end":{"line":153,"column":7}},"37":{"start":{"line":152,"column":8},"end":{"line":152,"column":77}},"38":{"start":{"line":154,"column":6},"end":{"line":156,"column":7}},"39":{"start":{"line":155,"column":8},"end":{"line":155,"column":110}},"40":{"start":{"line":159,"column":19},"end":{"line":162,"column":5}},"41":{"start":{"line":163,"column":4},"end":{"line":163,"column":103}},"42":{"start":{"line":163,"column":34},"end":{"line":163,"column":103}},"43":{"start":{"line":164,"column":4},"end":{"line":164,"column":29}},"44":{"start":{"line":166,"column":4},"end":{"line":166,"column":25}},"45":{"start":{"line":167,"column":4},"end":{"line":167,"column":69}},"46":{"start":{"line":190,"column":0},"end":{"line":214,"column":3}},"47":{"start":{"line":191,"column":17},"end":{"line":191,"column":27}},"48":{"start":{"line":192,"column":2},"end":{"line":213,"column":3}},"49":{"start":{"line":194,"column":4},"end":{"line":202,"column":5}},"50":{"start":{"line":195,"column":20},"end":{"line":195,"column":92}},"51":{"start":{"line":196,"column":6},"end":{"line":198,"column":7}},"52":{"start":{"line":197,"column":8},"end":{"line":197,"column":77}},"53":{"start":{"line":199,"column":6},"end":{"line":201,"column":7}},"54":{"start":{"line":200,"column":8},"end":{"line":200,"column":110}},"55":{"start":{"line":204,"column":19},"end":{"line":207,"column":5}},"56":{"start":{"line":208,"column":4},"end":{"line":208,"column":103}},"57":{"start":{"line":208,"column":34},"end":{"line":208,"column":103}},"58":{"start":{"line":209,"column":4},"end":{"line":209,"column":64}},"59":{"start":{"line":211,"column":4},"end":{"line":211,"column":25}},"60":{"start":{"line":212,"column":4},"end":{"line":212,"column":67}},"61":{"start":{"line":216,"column":0},"end":{"line":216,"column":24}}},"fnMap":{"0":{"name":"(anonymous_0)","decl":{"start":{"line":20,"column":32},"end":{"line":20,"column":33}},"loc":{"start":{"line":20,"column":52},"end":{"line":31,"column":1}},"line":20},"1":{"name":"(anonymous_1)","decl":{"start":{"line":50,"column":45},"end":{"line":50,"column":46}},"loc":{"start":{"line":50,"column":65},"end":{"line":64,"column":1}},"line":50},"2":{"name":"(anonymous_2)","decl":{"start":{"line":93,"column":33},"end":{"line":93,"column":34}},"loc":{"start":{"line":93,"column":53},"end":{"line":110,"column":1}},"line":93},"3":{"name":"(anonymous_3)","decl":{"start":{"line":144,"column":35},"end":{"line":144,"column":36}},"loc":{"start":{"line":144,"column":55},"end":{"line":169,"column":1}},"line":144},"4":{"name":"(anonymous_4)","decl":{"start":{"line":190,"column":38},"end":{"line":190,"column":39}},"loc":{"start":{"line":190,"column":58},"end":{"line":214,"column":1}},"line":190}},"branchMap":{"0":{"loc":{"start":{"line":21,"column":2},"end":{"line":23,"column":3}},"type":"if","locations":[{"start":{"line":21,"column":2},"end":{"line":23,"column":3}},{"start":{},"end":{}}],"line":21},"1":{"loc":{"start":{"line":53,"column":2},"end":{"line":55,"column":3}},"type":"if","locations":[{"start":{"line":53,"column":2},"end":{"line":55,"column":3}},{"start":{},"end":{}}],"line":53},"2":{"loc":{"start":{"line":53,"column":6},"end":{"line":53,"column":71}},"type":"binary-expr","locations":[{"start":{"line":53,"column":6},"end":{"line":53,"column":28}},{"start":{"line":53,"column":32},"end":{"line":53,"column":71}}],"line":53},"3":{"loc":{"start":{"line":96,"column":2},"end":{"line":98,"column":3}},"type":"if","locations":[{"start":{"line":96,"column":2},"end":{"line":98,"column":3}},{"start":{},"end":{}}],"line":96},"4":{"loc":{"start":{"line":96,"column":6},"end":{"line":96,"column":71}},"type":"binary-expr","locations":[{"start":{"line":96,"column":6},"end":{"line":96,"column":28}},{"start":{"line":96,"column":32},"end":{"line":96,"column":71}}],"line":96},"5":{"loc":{"start":{"line":149,"column":4},"end":{"line":157,"column":5}},"type":"if","locations":[{"start":{"line":149,"column":4},"end":{"line":157,"column":5}},{"start":{},"end":{}}],"line":149},"6":{"loc":{"start":{"line":151,"column":6},"end":{"line":153,"column":7}},"type":"if","locations":[{"start":{"line":151,"column":6},"end":{"line":153,"column":7}},{"start":{},"end":{}}],"line":151},"7":{"loc":{"start":{"line":154,"column":6},"end":{"line":156,"column":7}},"type":"if","locations":[{"start":{"line":154,"column":6},"end":{"line":156,"column":7}},{"start":{},"end":{}}],"line":154},"8":{"loc":{"start":{"line":163,"column":4},"end":{"line":163,"column":103}},"type":"if","locations":[{"start":{"line":163,"column":4},"end":{"line":163,"column":103}},{"start":{},"end":{}}],"line":163},"9":{"loc":{"start":{"line":194,"column":4},"end":{"line":202,"column":5}},"type":"if","locations":[{"start":{"line":194,"column":4},"end":{"line":202,"column":5}},{"start":{},"end":{}}],"line":194},"10":{"loc":{"start":{"line":196,"column":6},"end":{"line":198,"column":7}},"type":"if","locations":[{"start":{"line":196,"column":6},"end":{"line":198,"column":7}},{"start":{},"end":{}}],"line":196},"11":{"loc":{"start":{"line":199,"column":6},"end":{"line":201,"column":7}},"type":"if","locations":[{"start":{"line":199,"column":6},"end":{"line":201,"column":7}},{"start":{},"end":{}}],"line":199},"12":{"loc":{"start":{"line":208,"column":4},"end":{"line":208,"column":103}},"type":"if","locations":[{"start":{"line":208,"column":4},"end":{"line":208,"column":103}},{"start":{},"end":{}}],"line":208}},"s":{"0":1,"1":1,"2":1,"3":1,"4":1,"5":1,"6":0,"7":1,"8":1,"9":1,"10":0,"11":0,"12":1,"13":0,"14":0,"15":0,"16":0,"17":0,"18":0,"19":0,"20":0,"21":1,"22":0,"23":0,"24":0,"25":0,"26":0,"27":0,"28":0,"29":0,"30":1,"31":0,"32":0,"33":0,"34":0,"35":0,"36":0,"37":0,"38":0,"39":0,"40":0,"41":0,"42":0,"43":0,"44":0,"45":0,"46":1,"47":0,"48":0,"49":0,"50":0,"51":0,"52":0,"53":0,"54":0,"55":0,"56":0,"57":0,"58":0,"59":0,"60":0,"61":1},"f":{"0":1,"1":0,"2":0,"3":0,"4":0},"b":{"0":[0,1],"1":[0,0],"2":[0,0],"3":[0,0],"4":[0,0],"5":[0,0],"6":[0,0],"7":[0,0],"8":[0,0],"9":[0,0],"10":[0,0],"11":[0,0],"12":[0,0]},"_coverageSchema":"1a1c01bbd47fc00a2c39e90264f33305004495a9","hash":"51839d1dda61ffd0fbd66b9da389f3feef7cd7b5"}
,"C:\\Users\\nathan victor\\Documents\\EiXomano_Final_V10\\backend\\utils\\businessRules.js": {"path":"C:\\Users\\nathan victor\\Documents\\EiXomano_Final_V10\\backend\\utils\\businessRules.js","statementMap":{"0":{"start":{"line":7,"column":2},"end":{"line":9,"column":3}},"1":{"start":{"line":8,"column":4},"end":{"line":8,"column":38}},"2":{"start":{"line":10,"column":2},"end":{"line":12,"column":3}},"3":{"start":{"line":11,"column":4},"end":{"line":11,"column":43}},"4":{"start":{"line":13,"column":2},"end":{"line":13,"column":28}},"5":{"start":{"line":17,"column":2},"end":{"line":19,"column":3}},"6":{"start":{"line":18,"column":4},"end":{"line":18,"column":57}},"7":{"start":{"line":20,"column":17},"end":{"line":20,"column":18}},"8":{"start":{"line":21,"column":2},"end":{"line":27,"column":3}},"9":{"start":{"line":22,"column":4},"end":{"line":22,"column":33}},"10":{"start":{"line":23,"column":9},"end":{"line":27,"column":3}},"11":{"start":{"line":24,"column":4},"end":{"line":24,"column":33}},"12":{"start":{"line":25,"column":9},"end":{"line":27,"column":3}},"13":{"start":{"line":26,"column":4},"end":{"line":26,"column":21}},"14":{"start":{"line":29,"column":16},"end":{"line":29,"column":37}},"15":{"start":{"line":30,"column":2},"end":{"line":30,"column":55}},"16":{"start":{"line":35,"column":2},"end":{"line":37,"column":3}},"17":{"start":{"line":36,"column":4},"end":{"line":36,"column":43}},"18":{"start":{"line":39,"column":21},"end":{"line":39,"column":73}},"19":{"start":{"line":40,"column":2},"end":{"line":42,"column":3}},"20":{"start":{"line":41,"column":4},"end":{"line":41,"column":49}},"21":{"start":{"line":43,"column":2},"end":{"line":43,"column":14}},"22":{"start":{"line":47,"column":2},"end":{"line":49,"column":3}},"23":{"start":{"line":48,"column":4},"end":{"line":48,"column":55}},"24":{"start":{"line":52,"column":20},"end":{"line":57,"column":3}},"25":{"start":{"line":53,"column":4},"end":{"line":55,"column":5}},"26":{"start":{"line":54,"column":6},"end":{"line":54,"column":35}},"27":{"start":{"line":56,"column":4},"end":{"line":56,"column":25}},"28":{"start":{"line":59,"column":17},"end":{"line":59,"column":39}},"29":{"start":{"line":60,"column":14},"end":{"line":60,"column":34}},"30":{"start":{"line":62,"column":2},"end":{"line":64,"column":3}},"31":{"start":{"line":63,"column":4},"end":{"line":63,"column":37}},"32":{"start":{"line":65,"column":2},"end":{"line":67,"column":3}},"33":{"start":{"line":66,"column":4},"end":{"line":66,"column":72}},"34":{"start":{"line":68,"column":2},"end":{"line":68,"column":14}},"35":{"start":{"line":72,"column":21},"end":{"line":77,"column":1}},"36":{"start":{"line":80,"column":18},"end":{"line":80,"column":37}},"37":{"start":{"line":81,"column":2},"end":{"line":83,"column":3}},"38":{"start":{"line":82,"column":4},"end":{"line":82,"column":42}},"39":{"start":{"line":85,"column":2},"end":{"line":87,"column":3}},"40":{"start":{"line":86,"column":4},"end":{"line":86,"column":49}},"41":{"start":{"line":88,"column":2},"end":{"line":90,"column":3}},"42":{"start":{"line":89,"column":4},"end":{"line":89,"column":46}},"43":{"start":{"line":91,"column":2},"end":{"line":93,"column":3}},"44":{"start":{"line":92,"column":4},"end":{"line":92,"column":44}},"45":{"start":{"line":94,"column":2},"end":{"line":96,"column":3}},"46":{"start":{"line":95,"column":4},"end":{"line":95,"column":26}},"47":{"start":{"line":97,"column":2},"end":{"line":97,"column":15}},"48":{"start":{"line":100,"column":0},"end":{"line":107,"column":2}}},"fnMap":{"0":{"name":"calcularTotal","decl":{"start":{"line":6,"column":9},"end":{"line":6,"column":22}},"loc":{"start":{"line":6,"column":42},"end":{"line":14,"column":1}},"line":6},"1":{"name":"calcularDesconto","decl":{"start":{"line":16,"column":9},"end":{"line":16,"column":25}},"loc":{"start":{"line":16,"column":51},"end":{"line":31,"column":1}},"line":16},"2":{"name":"validarEmail","decl":{"start":{"line":34,"column":9},"end":{"line":34,"column":21}},"loc":{"start":{"line":34,"column":29},"end":{"line":44,"column":1}},"line":34},"3":{"name":"validarDatas","decl":{"start":{"line":46,"column":9},"end":{"line":46,"column":21}},"loc":{"start":{"line":46,"column":46},"end":{"line":69,"column":1}},"line":46},"4":{"name":"(anonymous_4)","decl":{"start":{"line":52,"column":20},"end":{"line":52,"column":21}},"loc":{"start":{"line":52,"column":29},"end":{"line":57,"column":3}},"line":52},"5":{"name":"verificarPermissaoPlanos","decl":{"start":{"line":79,"column":9},"end":{"line":79,"column":33}},"loc":{"start":{"line":79,"column":68},"end":{"line":98,"column":1}},"line":79}},"branchMap":{"0":{"loc":{"start":{"line":7,"column":2},"end":{"line":9,"column":3}},"type":"if","locations":[{"start":{"line":7,"column":2},"end":{"line":9,"column":3}},{"start":{},"end":{}}],"line":7},"1":{"loc":{"start":{"line":7,"column":6},"end":{"line":7,"column":44}},"type":"binary-expr","locations":[{"start":{"line":7,"column":6},"end":{"line":7,"column":31}},{"start":{"line":7,"column":35},"end":{"line":7,"column":44}}],"line":7},"2":{"loc":{"start":{"line":10,"column":2},"end":{"line":12,"column":3}},"type":"if","locations":[{"start":{"line":10,"column":2},"end":{"line":12,"column":3}},{"start":{},"end":{}}],"line":10},"3":{"loc":{"start":{"line":10,"column":6},"end":{"line":10,"column":55}},"type":"binary-expr","locations":[{"start":{"line":10,"column":6},"end":{"line":10,"column":36}},{"start":{"line":10,"column":40},"end":{"line":10,"column":55}}],"line":10},"4":{"loc":{"start":{"line":17,"column":2},"end":{"line":19,"column":3}},"type":"if","locations":[{"start":{"line":17,"column":2},"end":{"line":19,"column":3}},{"start":{},"end":{}}],"line":17},"5":{"loc":{"start":{"line":21,"column":2},"end":{"line":27,"column":3}},"type":"if","locations":[{"start":{"line":21,"column":2},"end":{"line":27,"column":3}},{"start":{"line":23,"column":9},"end":{"line":27,"column":3}}],"line":21},"6":{"loc":{"start":{"line":23,"column":9},"end":{"line":27,"column":3}},"type":"if","locations":[{"start":{"line":23,"column":9},"end":{"line":27,"column":3}},{"start":{"line":25,"column":9},"end":{"line":27,"column":3}}],"line":23},"7":{"loc":{"start":{"line":25,"column":9},"end":{"line":27,"column":3}},"type":"if","locations":[{"start":{"line":25,"column":9},"end":{"line":27,"column":3}},{"start":{},"end":{}}],"line":25},"8":{"loc":{"start":{"line":30,"column":9},"end":{"line":30,"column":54}},"type":"cond-expr","locations":[{"start":{"line":30,"column":21},"end":{"line":30,"column":22}},{"start":{"line":30,"column":25},"end":{"line":30,"column":54}}],"line":30},"9":{"loc":{"start":{"line":35,"column":2},"end":{"line":37,"column":3}},"type":"if","locations":[{"start":{"line":35,"column":2},"end":{"line":37,"column":3}},{"start":{},"end":{}}],"line":35},"10":{"loc":{"start":{"line":40,"column":2},"end":{"line":42,"column":3}},"type":"if","locations":[{"start":{"line":40,"column":2},"end":{"line":42,"column":3}},{"start":{},"end":{}}],"line":40},"11":{"loc":{"start":{"line":47,"column":2},"end":{"line":49,"column":3}},"type":"if","locations":[{"start":{"line":47,"column":2},"end":{"line":49,"column":3}},{"start":{},"end":{}}],"line":47},"12":{"loc":{"start":{"line":47,"column":6},"end":{"line":47,"column":32}},"type":"binary-expr","locations":[{"start":{"line":47,"column":6},"end":{"line":47,"column":18}},{"start":{"line":47,"column":22},"end":{"line":47,"column":32}}],"line":47},"13":{"loc":{"start":{"line":53,"column":4},"end":{"line":55,"column":5}},"type":"if","locations":[{"start":{"line":53,"column":4},"end":{"line":55,"column":5}},{"start":{},"end":{}}],"line":53},"14":{"loc":{"start":{"line":53,"column":8},"end":{"line":53,"column":52}},"type":"binary-expr","locations":[{"start":{"line":53,"column":8},"end":{"line":53,"column":31}},{"start":{"line":53,"column":35},"end":{"line":53,"column":52}}],"line":53},"15":{"loc":{"start":{"line":62,"column":2},"end":{"line":64,"column":3}},"type":"if","locations":[{"start":{"line":62,"column":2},"end":{"line":64,"column":3}},{"start":{},"end":{}}],"line":62},"16":{"loc":{"start":{"line":62,"column":6},"end":{"line":62,"column":53}},"type":"binary-expr","locations":[{"start":{"line":62,"column":6},"end":{"line":62,"column":29}},{"start":{"line":62,"column":33},"end":{"line":62,"column":53}}],"line":62},"17":{"loc":{"start":{"line":65,"column":2},"end":{"line":67,"column":3}},"type":"if","locations":[{"start":{"line":65,"column":2},"end":{"line":67,"column":3}},{"start":{},"end":{}}],"line":65},"18":{"loc":{"start":{"line":79,"column":47},"end":{"line":79,"column":66}},"type":"default-arg","locations":[{"start":{"line":79,"column":65},"end":{"line":79,"column":66}}],"line":79},"19":{"loc":{"start":{"line":81,"column":2},"end":{"line":83,"column":3}},"type":"if","locations":[{"start":{"line":81,"column":2},"end":{"line":83,"column":3}},{"start":{},"end":{}}],"line":81},"20":{"loc":{"start":{"line":85,"column":2},"end":{"line":87,"column":3}},"type":"if","locations":[{"start":{"line":85,"column":2},"end":{"line":87,"column":3}},{"start":{},"end":{}}],"line":85},"21":{"loc":{"start":{"line":88,"column":2},"end":{"line":90,"column":3}},"type":"if","locations":[{"start":{"line":88,"column":2},"end":{"line":90,"column":3}},{"start":{},"end":{}}],"line":88},"22":{"loc":{"start":{"line":91,"column":2},"end":{"line":93,"column":3}},"type":"if","locations":[{"start":{"line":91,"column":2},"end":{"line":93,"column":3}},{"start":{},"end":{}}],"line":91},"23":{"loc":{"start":{"line":92,"column":11},"end":{"line":92,"column":43}},"type":"binary-expr","locations":[{"start":{"line":92,"column":11},"end":{"line":92,"column":25}},{"start":{"line":92,"column":29},"end":{"line":92,"column":43}}],"line":92},"24":{"loc":{"start":{"line":94,"column":2},"end":{"line":96,"column":3}},"type":"if","locations":[{"start":{"line":94,"column":2},"end":{"line":96,"column":3}},{"start":{},"end":{}}],"line":94}},"s":{"0":20,"1":6,"2":14,"3":4,"4":10,"5":20,"6":1,"7":19,"8":19,"9":5,"10":14,"11":5,"12":9,"13":5,"14":19,"15":19,"16":20,"17":3,"18":17,"19":17,"20":7,"21":10,"22":20,"23":4,"24":16,"25":32,"26":4,"27":28,"28":16,"29":16,"30":16,"31":2,"32":14,"33":4,"34":10,"35":1,"36":21,"37":21,"38":1,"39":20,"40":8,"41":12,"42":5,"43":7,"44":4,"45":3,"46":2,"47":1,"48":1},"f":{"0":20,"1":20,"2":20,"3":20,"4":32,"5":21},"b":{"0":[6,14],"1":[20,16],"2":[4,10],"3":[14,12],"4":[1,19],"5":[5,14],"6":[5,9],"7":[5,4],"8":[2,17],"9":[3,17],"10":[7,10],"11":[4,16],"12":[20,17],"13":[4,28],"14":[32,32],"15":[2,14],"16":[16,15],"17":[4,10],"18":[8],"19":[1,20],"20":[8,12],"21":[5,7],"22":[4,3],"23":[4,3],"24":[2,1]},"_coverageSchema":"1a1c01bbd47fc00a2c39e90264f33305004495a9","hash":"5f4614b20538957f5b4976c379847d124226de23"}
}
