TN:
SF:server.js
FN:51,(anonymous_0)
FN:56,(anonymous_1)
FNF:2
FNH:1
FNDA:1,(anonymous_0)
FNDA:0,(anonymous_1)
DA:1,1
DA:2,1
DA:3,1
DA:4,1
DA:5,1
DA:6,1
DA:8,1
DA:9,1
DA:11,1
DA:12,1
DA:14,1
DA:34,1
DA:35,1
DA:38,1
DA:39,1
DA:40,1
DA:41,1
DA:42,1
DA:44,1
DA:45,1
DA:46,1
DA:47,1
DA:48,1
DA:49,1
DA:51,1
DA:52,1
DA:55,1
DA:56,0
DA:57,0
DA:61,1
LF:30
LH:28
BRDA:9,0,0,1
BRDA:9,0,1,1
BRDA:55,1,0,0
BRDA:55,1,1,1
BRF:4
BRH:3
end_of_record
TN:
SF:middleware\authMiddleware.js
FN:5,authMiddleware
FN:13,(anonymous_1)
FNF:2
FNH:2
FNDA:2,authMiddleware
FNDA:2,(anonymous_1)
DA:1,1
DA:3,1
DA:6,2
DA:7,2
DA:9,2
DA:10,0
DA:13,2
DA:14,2
DA:15,0
DA:17,2
DA:18,2
DA:22,1
LF:12
LH:10
BRDA:3,0,0,1
BRDA:3,0,1,1
BRDA:7,1,0,2
BRDA:7,1,1,2
BRDA:9,2,0,0
BRDA:9,2,1,2
BRDA:14,3,0,0
BRDA:14,3,1,2
BRF:8
BRH:6
end_of_record
TN:
SF:routes\auth.js
FN:36,(anonymous_0)
FN:118,(anonymous_1)
FN:200,(anonymous_2)
FNF:3
FNH:1
FNDA:0,(anonymous_0)
FNDA:2,(anonymous_1)
FNDA:0,(anonymous_2)
DA:1,1
DA:2,1
DA:3,1
DA:4,1
DA:5,1
DA:7,1
DA:36,1
DA:37,0
DA:39,0
DA:40,0
DA:43,0
DA:44,0
DA:45,0
DA:48,0
DA:49,0
DA:50,0
DA:51,0
DA:55,0
DA:61,0
DA:64,0
DA:70,0
DA:72,0
DA:78,0
DA:80,0
DA:87,0
DA:88,0
DA:89,0
DA:91,0
DA:118,1
DA:119,2
DA:121,2
DA:123,2
DA:125,2
DA:126,1
DA:129,1
DA:132,1
DA:133,1
DA:134,1
DA:135,1
DA:136,1
DA:142,1
DA:151,1
DA:157,1
DA:170,0
DA:171,0
DA:200,1
DA:201,0
DA:204,0
DA:205,0
DA:209,0
DA:210,0
DA:213,0
DA:214,0
DA:219,0
DA:220,0
DA:223,0
DA:225,0
DA:226,0
DA:230,1
LF:59
LH:24
BRDA:7,0,0,1
BRDA:7,0,1,1
BRDA:39,1,0,0
BRDA:39,1,1,0
BRDA:39,2,0,0
BRDA:39,2,1,0
BRDA:39,2,2,0
BRDA:39,2,3,0
BRDA:49,3,0,0
BRDA:49,3,1,0
BRDA:125,4,0,1
BRDA:125,4,1,1
BRDA:133,5,0,1
BRDA:133,5,1,0
BRDA:135,6,0,1
BRDA:135,6,1,0
BRDA:148,7,0,1
BRDA:148,7,1,0
BRDA:161,8,0,1
BRDA:161,8,1,0
BRDA:204,9,0,0
BRDA:204,9,1,0
BRDA:204,10,0,0
BRDA:204,10,1,0
BRDA:209,11,0,0
BRDA:209,11,1,0
BRDA:209,12,0,0
BRDA:209,12,1,0
BRDA:209,12,2,0
BRDA:219,13,0,0
BRDA:219,13,1,0
BRF:31
BRH:8
end_of_record
TN:
SF:routes\dashboard.js
FN:16,(anonymous_0)
FN:59,(anonymous_1)
FN:112,(anonymous_2)
FNF:3
FNH:0
FNDA:0,(anonymous_0)
FNDA:0,(anonymous_1)
FNDA:0,(anonymous_2)
DA:1,1
DA:2,1
DA:3,1
DA:4,1
DA:16,1
DA:17,0
DA:19,0
DA:28,0
DA:29,0
DA:31,0
DA:32,0
DA:59,1
DA:60,0
DA:61,0
DA:62,0
DA:63,0
DA:64,0
DA:66,0
DA:67,0
DA:68,0
DA:71,0
DA:73,0
DA:74,0
DA:76,0
DA:77,0
DA:112,1
DA:113,0
DA:114,0
DA:116,0
DA:117,0
DA:118,0
DA:119,0
DA:121,0
DA:122,0
DA:127,0
DA:133,0
DA:135,0
DA:136,0
DA:137,0
DA:139,0
DA:145,0
DA:150,0
DA:152,0
DA:153,0
DA:157,1
LF:45
LH:8
BRDA:66,0,0,0
BRDA:66,0,1,0
BRDA:116,1,0,0
BRDA:116,1,1,0
BRDA:118,2,0,0
BRDA:118,2,1,0
BRDA:121,3,0,0
BRDA:121,3,1,0
BRDA:133,4,0,0
BRDA:133,4,1,0
BRDA:136,5,0,0
BRDA:136,5,1,0
BRDA:137,6,0,0
BRDA:137,6,1,0
BRDA:147,7,0,0
BRDA:147,7,1,0
BRDA:147,8,0,0
BRDA:147,8,1,0
BRF:18
BRH:0
end_of_record
TN:
SF:routes\logs.js
FN:16,(anonymous_0)
FN:53,(anonymous_1)
FNF:2
FNH:0
FNDA:0,(anonymous_0)
FNDA:0,(anonymous_1)
DA:1,1
DA:2,1
DA:3,1
DA:4,1
DA:16,1
DA:17,0
DA:18,0
DA:20,0
DA:21,0
DA:22,0
DA:24,0
DA:25,0
DA:53,1
DA:54,0
DA:55,0
DA:56,0
DA:60,0
DA:62,0
DA:63,0
DA:67,1
LF:20
LH:7
BRDA:17,0,0,0
BRDA:17,0,1,0
BRF:2
BRH:0
end_of_record
TN:
SF:routes\pedidos.js
FN:23,(anonymous_0)
FN:58,(anonymous_1)
FN:104,(anonymous_2)
FNF:3
FNH:0
FNDA:0,(anonymous_0)
FNDA:0,(anonymous_1)
FNDA:0,(anonymous_2)
DA:1,1
DA:2,1
DA:3,1
DA:4,1
DA:23,1
DA:24,0
DA:25,0
DA:26,0
DA:27,0
DA:29,0
DA:30,0
DA:58,1
DA:59,0
DA:60,0
DA:61,0
DA:65,0
DA:67,0
DA:68,0
DA:104,1
DA:105,0
DA:106,0
DA:107,0
DA:108,0
DA:112,0
DA:113,0
DA:115,0
DA:116,0
DA:120,1
LF:28
LH:8
BRDA:63,0,0,0
BRDA:63,0,1,0
BRDA:112,1,0,0
BRDA:112,1,1,0
BRF:4
BRH:0
end_of_record
TN:
SF:routes\produtos.js
FN:23,(anonymous_0)
FN:64,(anonymous_1)
FN:110,(anonymous_2)
FN:145,(anonymous_3)
FNF:4
FNH:1
FNDA:0,(anonymous_0)
FNDA:1,(anonymous_1)
FNDA:0,(anonymous_2)
FNDA:0,(anonymous_3)
DA:1,1
DA:2,1
DA:3,1
DA:4,1
DA:23,1
DA:24,0
DA:25,0
DA:26,0
DA:27,0
DA:29,0
DA:30,0
DA:64,1
DA:65,1
DA:66,1
DA:67,1
DA:71,1
DA:73,0
DA:74,0
DA:110,1
DA:111,0
DA:112,0
DA:113,0
DA:114,0
DA:118,0
DA:119,0
DA:121,0
DA:122,0
DA:145,1
DA:146,0
DA:147,0
DA:148,0
DA:149,0
DA:150,0
DA:152,0
DA:153,0
DA:157,1
LF:36
LH:13
BRDA:118,0,0,0
BRDA:118,0,1,0
BRDA:149,1,0,0
BRDA:149,1,1,0
BRF:4
BRH:0
end_of_record
TN:
SF:routes\restaurantes.js
FN:20,(anonymous_0)
FN:50,(anonymous_1)
FN:93,(anonymous_2)
FN:144,(anonymous_3)
FN:190,(anonymous_4)
FNF:5
FNH:1
FNDA:1,(anonymous_0)
FNDA:0,(anonymous_1)
FNDA:0,(anonymous_2)
FNDA:0,(anonymous_3)
FNDA:0,(anonymous_4)
DA:1,1
DA:2,1
DA:3,1
DA:4,1
DA:20,1
DA:21,1
DA:22,0
DA:24,1
DA:25,1
DA:26,1
DA:28,0
DA:29,0
DA:50,1
DA:51,0
DA:53,0
DA:54,0
DA:57,0
DA:58,0
DA:59,0
DA:61,0
DA:62,0
DA:93,1
DA:94,0
DA:96,0
DA:97,0
DA:100,0
DA:101,0
DA:105,0
DA:107,0
DA:108,0
DA:144,1
DA:145,0
DA:146,0
DA:147,0
DA:149,0
DA:150,0
DA:151,0
DA:152,0
DA:154,0
DA:155,0
DA:159,0
DA:163,0
DA:164,0
DA:166,0
DA:167,0
DA:190,1
DA:191,0
DA:192,0
DA:194,0
DA:195,0
DA:196,0
DA:197,0
DA:199,0
DA:200,0
DA:204,0
DA:208,0
DA:209,0
DA:211,0
DA:212,0
DA:216,1
LF:60
LH:14
BRDA:21,0,0,0
BRDA:21,0,1,1
BRDA:53,1,0,0
BRDA:53,1,1,0
BRDA:53,2,0,0
BRDA:53,2,1,0
BRDA:96,3,0,0
BRDA:96,3,1,0
BRDA:96,4,0,0
BRDA:96,4,1,0
BRDA:149,5,0,0
BRDA:149,5,1,0
BRDA:151,6,0,0
BRDA:151,6,1,0
BRDA:154,7,0,0
BRDA:154,7,1,0
BRDA:163,8,0,0
BRDA:163,8,1,0
BRDA:194,9,0,0
BRDA:194,9,1,0
BRDA:196,10,0,0
BRDA:196,10,1,0
BRDA:199,11,0,0
BRDA:199,11,1,0
BRDA:208,12,0,0
BRDA:208,12,1,0
BRF:26
BRH:1
end_of_record
TN:
SF:utils\businessRules.js
FN:6,calcularTotal
FN:16,calcularDesconto
FN:34,validarEmail
FN:46,validarDatas
FN:52,(anonymous_4)
FN:79,verificarPermissaoPlanos
FNF:6
FNH:6
FNDA:20,calcularTotal
FNDA:20,calcularDesconto
FNDA:20,validarEmail
FNDA:20,validarDatas
FNDA:32,(anonymous_4)
FNDA:21,verificarPermissaoPlanos
DA:7,20
DA:8,6
DA:10,14
DA:11,4
DA:13,10
DA:17,20
DA:18,1
DA:20,19
DA:21,19
DA:22,5
DA:23,14
DA:24,5
DA:25,9
DA:26,5
DA:29,19
DA:30,19
DA:35,20
DA:36,3
DA:39,17
DA:40,17
DA:41,7
DA:43,10
DA:47,20
DA:48,4
DA:52,16
DA:53,32
DA:54,4
DA:56,28
DA:59,16
DA:60,16
DA:62,16
DA:63,2
DA:65,14
DA:66,4
DA:68,10
DA:72,1
DA:80,21
DA:81,21
DA:82,1
DA:85,20
DA:86,8
DA:88,12
DA:89,5
DA:91,7
DA:92,4
DA:94,3
DA:95,2
DA:97,1
DA:100,1
LF:49
LH:49
BRDA:7,0,0,6
BRDA:7,0,1,14
BRDA:7,1,0,20
BRDA:7,1,1,16
BRDA:10,2,0,4
BRDA:10,2,1,10
BRDA:10,3,0,14
BRDA:10,3,1,12
BRDA:17,4,0,1
BRDA:17,4,1,19
BRDA:21,5,0,5
BRDA:21,5,1,14
BRDA:23,6,0,5
BRDA:23,6,1,9
BRDA:25,7,0,5
BRDA:25,7,1,4
BRDA:30,8,0,2
BRDA:30,8,1,17
BRDA:35,9,0,3
BRDA:35,9,1,17
BRDA:40,10,0,7
BRDA:40,10,1,10
BRDA:47,11,0,4
BRDA:47,11,1,16
BRDA:47,12,0,20
BRDA:47,12,1,17
BRDA:53,13,0,4
BRDA:53,13,1,28
BRDA:53,14,0,32
BRDA:53,14,1,32
BRDA:62,15,0,2
BRDA:62,15,1,14
BRDA:62,16,0,16
BRDA:62,16,1,15
BRDA:65,17,0,4
BRDA:65,17,1,10
BRDA:79,18,0,8
BRDA:81,19,0,1
BRDA:81,19,1,20
BRDA:85,20,0,8
BRDA:85,20,1,12
BRDA:88,21,0,5
BRDA:88,21,1,7
BRDA:91,22,0,4
BRDA:91,22,1,3
BRDA:92,23,0,4
BRDA:92,23,1,3
BRDA:94,24,0,2
BRDA:94,24,1,1
BRF:49
BRH:49
end_of_record
